#! /usr/share/iverilog-0.10.0/bin/vvp
:ivl_version "0.10.0 (devel)" "(v0_9_6)";
:ivl_delay_selection "TYPICAL";
:vpi_time_precision - 12;
:vpi_module "system";
:vpi_module "vhdl_sys";
:vpi_module "v2005_math";
:vpi_module "va_math";
:vpi_module "v2009";
S_0x258efd0 .scope module, "simple_cpu" "simple_cpu" 2 10;
 .timescale -9 -12;
    .port_info 0 /INPUT 1 "clk"
    .port_info 1 /INPUT 1 "rst"
    .port_info 2 /INPUT 20 "instruction"
P_0x2565650 .param/l "ADDR_BITS" 0 2 13, +C4<0101>;
P_0x2565690 .param/l "DATA_WIDTH" 0 2 12, +C4<01000>;
P_0x25656d0 .param/l "INSTR_WIDTH" 0 2 14, +C4<010100>;
L_0x2567de0 .functor BUFZ 8, v0x25b3f00_0, C4<00000000>, C4<00000000>, C4<00000000>;
L_0x25b9930 .functor BUFZ 8, v0x25b3fe0_0, C4<00000000>, C4<00000000>, C4<00000000>;
v0x25b5a60_0 .net *"_s10", 2 0, L_0x25b92d0;  1 drivers
L_0x7f96d05c10a8 .functor BUFT 1, C4<00>, C4<0>, C4<0>, C4<0>;
v0x25b5b60_0 .net *"_s13", 1 0, L_0x7f96d05c10a8;  1 drivers
L_0x7f96d05c10f0 .functor BUFT 1, C4<001>, C4<0>, C4<0>, C4<0>;
v0x25b5c40_0 .net/2u *"_s14", 2 0, L_0x7f96d05c10f0;  1 drivers
v0x25b5d00_0 .net *"_s16", 0 0, L_0x25b93c0;  1 drivers
L_0x7f96d05c1138 .functor BUFT 1, C4<xxxxxxxx>, C4<0>, C4<0>, C4<0>;
v0x25b5dc0_0 .net *"_s18", 7 0, L_0x7f96d05c1138;  1 drivers
v0x25b5ef0_0 .net *"_s2", 1 0, L_0x25b9050;  1 drivers
v0x25b5fd0_0 .net *"_s20", 7 0, L_0x25b9580;  1 drivers
v0x25b60b0_0 .net *"_s26", 1 0, L_0x25b99f0;  1 drivers
L_0x7f96d05c1180 .functor BUFT 1, C4<0>, C4<0>, C4<0>, C4<0>;
v0x25b6190_0 .net *"_s29", 0 0, L_0x7f96d05c1180;  1 drivers
L_0x7f96d05c11c8 .functor BUFT 1, C4<00>, C4<0>, C4<0>, C4<0>;
v0x25b6300_0 .net/2u *"_s30", 1 0, L_0x7f96d05c11c8;  1 drivers
v0x25b63e0_0 .net *"_s32", 0 0, L_0x25b9b30;  1 drivers
v0x25b64a0_0 .net *"_s34", 2 0, L_0x25b9cc0;  1 drivers
L_0x7f96d05c1210 .functor BUFT 1, C4<00>, C4<0>, C4<0>, C4<0>;
v0x25b6580_0 .net *"_s37", 1 0, L_0x7f96d05c1210;  1 drivers
L_0x7f96d05c1258 .functor BUFT 1, C4<001>, C4<0>, C4<0>, C4<0>;
v0x25b6660_0 .net/2u *"_s38", 2 0, L_0x7f96d05c1258;  1 drivers
v0x25b6740_0 .net *"_s40", 0 0, L_0x25b9e40;  1 drivers
L_0x7f96d05c12a0 .functor BUFT 1, C4<xxxxxxxx>, C4<0>, C4<0>, C4<0>;
v0x25b6800_0 .net *"_s42", 7 0, L_0x7f96d05c12a0;  1 drivers
v0x25b68e0_0 .net *"_s44", 7 0, L_0x25b9f90;  1 drivers
L_0x7f96d05c1018 .functor BUFT 1, C4<0>, C4<0>, C4<0>, C4<0>;
v0x25b6a90_0 .net *"_s5", 0 0, L_0x7f96d05c1018;  1 drivers
L_0x7f96d05c1060 .functor BUFT 1, C4<00>, C4<0>, C4<0>, C4<0>;
v0x25b6b30_0 .net/2u *"_s6", 1 0, L_0x7f96d05c1060;  1 drivers
v0x25b6c10_0 .net *"_s8", 0 0, L_0x25b9190;  1 drivers
o0x7f96d060a618 .functor BUFZ 5, C4<zzzzz>; HiZ drive
v0x25b6cd0_0 .net "addr_i", 4 0, o0x7f96d060a618;  0 drivers
o0x7f96d060a018 .functor BUFZ 1, C4<z>; HiZ drive
v0x25b6d90_0 .net "clk", 0 0, o0x7f96d060a018;  0 drivers
v0x25b6e30_0 .net "data_in_i", 7 0, L_0x25b9930;  1 drivers
v0x25b6f00_0 .net "data_out_i", 7 0, v0x25b5720_0;  1 drivers
o0x7f96d060a048 .functor BUFZ 20, C4<zzzzzzzzzzzzzzzzzzzz>; HiZ drive
v0x25b6fd0_0 .net "instruction", 19 0, o0x7f96d060a048;  0 drivers
v0x25b70a0_0 .net "offset_i", 7 0, v0x25b3cf0_0;  1 drivers
v0x25b7170_0 .net "opcode_i", 3 0, v0x25b3dd0_0;  1 drivers
v0x25b7210_0 .net "operand_1_i", 7 0, v0x25b3f00_0;  1 drivers
v0x25b72d0_0 .net "operand_2_i", 7 0, v0x25b3fe0_0;  1 drivers
v0x25b73a0_0 .net "operand_a_i", 7 0, L_0x2567de0;  1 drivers
v0x25b7470_0 .net "operand_b_i", 7 0, L_0x25b9710;  1 drivers
v0x25b7540_0 .net "result1_i", 7 0, v0x25b4ed0_0;  1 drivers
v0x25b7610_0 .net "result2_i", 7 0, L_0x25ba0d0;  1 drivers
o0x7f96d060a198 .functor BUFZ 1, C4<z>; HiZ drive
v0x25b69b0_0 .net "rst", 0 0, o0x7f96d060a198;  0 drivers
v0x25b78c0_0 .net "sel1_i", 0 0, v0x25b4390_0;  1 drivers
v0x25b7990_0 .net "sel3_i", 0 0, v0x25b4450_0;  1 drivers
v0x25b7a60_0 .net "wen_i", 0 0, v0x25b45f0_0;  1 drivers
L_0x25b9050 .concat [ 1 1 0 0], v0x25b4450_0, L_0x7f96d05c1018;
L_0x25b9190 .cmp/eq 2, L_0x25b9050, L_0x7f96d05c1060;
L_0x25b92d0 .concat [ 1 2 0 0], v0x25b4450_0, L_0x7f96d05c10a8;
L_0x25b93c0 .cmp/eq 3, L_0x25b92d0, L_0x7f96d05c10f0;
L_0x25b9580 .functor MUXZ 8, L_0x7f96d05c1138, v0x25b3cf0_0, L_0x25b93c0, C4<>;
L_0x25b9710 .functor MUXZ 8, L_0x25b9580, v0x25b3fe0_0, L_0x25b9190, C4<>;
L_0x25b99f0 .concat [ 1 1 0 0], v0x25b4390_0, L_0x7f96d05c1180;
L_0x25b9b30 .cmp/eq 2, L_0x25b99f0, L_0x7f96d05c11c8;
L_0x25b9cc0 .concat [ 1 2 0 0], v0x25b4390_0, L_0x7f96d05c1210;
L_0x25b9e40 .cmp/eq 3, L_0x25b9cc0, L_0x7f96d05c1258;
L_0x25b9f90 .functor MUXZ 8, L_0x7f96d05c12a0, v0x25b4ed0_0, L_0x25b9e40, C4<>;
L_0x25ba0d0 .functor MUXZ 8, L_0x25b9f90, v0x25b5720_0, L_0x25b9b30, C4<>;
S_0x257bdf0 .scope module, "CU1" "CU" 2 43, 3 3 0, S_0x258efd0;
 .timescale -9 -12;
    .port_info 0 /INPUT 1 "clk"
    .port_info 1 /INPUT 1 "rst"
    .port_info 2 /INPUT 20 "instr"
    .port_info 3 /INPUT 8 "result2"
    .port_info 4 /OUTPUT 8 "operand1"
    .port_info 5 /OUTPUT 8 "operand2"
    .port_info 6 /OUTPUT 8 "offset"
    .port_info 7 /OUTPUT 4 "opcode"
    .port_info 8 /OUTPUT 1 "sel1"
    .port_info 9 /OUTPUT 1 "sel3"
    .port_info 10 /OUTPUT 1 "w_r"
P_0x257ec40 .param/l "ADDR_BITS" 0 3 6, +C4<0101>;
P_0x257ec80 .param/l "DATA_WIDTH" 0 3 5, +C4<01000>;
P_0x257ecc0 .param/l "DECODE" 0 3 26, C4<0001>;
P_0x257ed00 .param/l "EXECUTE" 0 3 27, C4<0010>;
P_0x257ed40 .param/l "INSTR_WIDTH" 0 3 7, +C4<010100>;
P_0x257ed80 .param/l "MEM_ACCESS" 0 3 28, C4<0100>;
P_0x257edc0 .param/l "RESET" 0 3 25, C4<0000>;
P_0x257ee00 .param/l "WRITE_BACK" 0 3 29, C4<1000>;
v0x25597a0_0 .net "clk", 0 0, o0x7f96d060a018;  alias, 0 drivers
v0x25b3b20_0 .net "instr", 19 0, o0x7f96d060a048;  alias, 0 drivers
v0x25b3c00_0 .var "instruction", 19 0;
v0x25b3cf0_0 .var "offset", 7 0;
v0x25b3dd0_0 .var "opcode", 3 0;
v0x25b3f00_0 .var "operand1", 7 0;
v0x25b3fe0_0 .var "operand2", 7 0;
v0x25b40a0 .array "regfile", 3 0, 7 0;
v0x25b4160_0 .net "result2", 7 0, L_0x25ba0d0;  alias, 1 drivers
v0x25b42d0_0 .net "rst", 0 0, o0x7f96d060a198;  alias, 0 drivers
v0x25b4390_0 .var "sel1", 0 0;
v0x25b4450_0 .var "sel3", 0 0;
v0x25b4510_0 .var "state", 3 0;
v0x25b45f0_0 .var "w_r", 0 0;
E_0x2591e00 .event posedge, v0x25597a0_0;
S_0x25b4870 .scope module, "alu1" "alu" 2 37, 4 2 0, S_0x258efd0;
 .timescale -9 -12;
    .port_info 0 /INPUT 1 "clk"
    .port_info 1 /INPUT 8 "operand_a"
    .port_info 2 /INPUT 8 "operand_b"
    .port_info 3 /INPUT 4 "opcode"
    .port_info 4 /OUTPUT 8 "result"
P_0x25b4a10 .param/l "DATA_WIDTH" 0 4 3, +C4<01000>;
v0x25b4b80_0 .net "clk", 0 0, o0x7f96d060a018;  alias, 0 drivers
v0x25b4c50_0 .net "opcode", 3 0, v0x25b3dd0_0;  alias, 1 drivers
v0x25b4d20_0 .net "operand_a", 7 0, L_0x2567de0;  alias, 1 drivers
v0x25b4df0_0 .net "operand_b", 7 0, L_0x25b9710;  alias, 1 drivers
v0x25b4ed0_0 .var "result", 7 0;
S_0x25b50a0 .scope module, "data_memory" "reg_mem" 2 40, 5 3 0, S_0x258efd0;
 .timescale -9 -12;
    .port_info 0 /INPUT 5 "addr"
    .port_info 1 /INPUT 8 "data_in"
    .port_info 2 /INPUT 1 "wen"
    .port_info 3 /INPUT 1 "clk"
    .port_info 4 /OUTPUT 8 "data_out"
P_0x25b5270 .param/l "ADDR_BITS" 0 5 6, +C4<0101>;
P_0x25b52b0 .param/l "DATA_WIDTH" 0 5 5, +C4<01000>;
v0x25b5490_0 .net "addr", 4 0, o0x7f96d060a618;  alias, 0 drivers
v0x25b5570_0 .net "clk", 0 0, o0x7f96d060a018;  alias, 0 drivers
v0x25b5680_0 .net "data_in", 7 0, L_0x25b9930;  alias, 1 drivers
v0x25b5720_0 .var "data_out", 7 0;
v0x25b5800 .array "mem_array", 0 31, 7 0;
v0x25b5910_0 .net "wen", 0 0, v0x25b45f0_0;  alias, 1 drivers
S_0x2564920 .scope module, "tb_reg_mem" "tb_reg_mem" 6 5;
 .timescale -9 -12;
P_0x25840e0 .param/l "ADDR_BITS" 0 6 8, +C4<0101>;
P_0x2584120 .param/l "DATA_WIDTH" 0 6 7, +C4<01000>;
v0x25b8b40_0 .var "addr", 4 0;
v0x25b8c20_0 .var "clk", 0 0;
v0x25b8cf0_0 .var "data_in", 7 0;
v0x25b8df0_0 .net "data_out", 7 0, v0x25b87f0_0;  1 drivers
v0x25b8ec0_0 .var "wen", 0 0;
S_0x25b7b50 .scope begin, "$ivl_for_loop0" "$ivl_for_loop0" 6 30, 6 30 0, S_0x2564920;
 .timescale -9 -12;
v0x25b7d20_0 .var/2s "i", 31 0;
S_0x25b7e20 .scope begin, "$ivl_for_loop1" "$ivl_for_loop1" 6 40, 6 40 0, S_0x2564920;
 .timescale -9 -12;
v0x25b8010_0 .var/2s "i", 31 0;
S_0x25b80f0 .scope module, "RM" "reg_mem" 6 17, 5 3 0, S_0x2564920;
 .timescale -9 -12;
    .port_info 0 /INPUT 5 "addr"
    .port_info 1 /INPUT 8 "data_in"
    .port_info 2 /INPUT 1 "wen"
    .port_info 3 /INPUT 1 "clk"
    .port_info 4 /OUTPUT 8 "data_out"
P_0x25b82c0 .param/l "ADDR_BITS" 0 5 6, +C4<0101>;
P_0x25b8300 .param/l "DATA_WIDTH" 0 5 5, +C4<01000>;
v0x25b8540_0 .net "addr", 4 0, v0x25b8b40_0;  1 drivers
v0x25b8640_0 .net "clk", 0 0, v0x25b8c20_0;  1 drivers
v0x25b8700_0 .net "data_in", 7 0, v0x25b8cf0_0;  1 drivers
v0x25b87f0_0 .var "data_out", 7 0;
v0x25b88d0 .array "mem_array", 0 31, 7 0;
v0x25b89e0_0 .net "wen", 0 0, v0x25b8ec0_0;  1 drivers
E_0x25b84e0 .event posedge, v0x25b8640_0;
    .scope S_0x25b4870;
T_0 ;
    %wait E_0x2591e00;
    %load/v 8, v0x25b4c50_0, 4;
    %cmpi/u 8, 0, 4;
    %jmp/1 T_0.0, 6;
    %cmpi/u 8, 1, 4;
    %jmp/1 T_0.1, 6;
    %ix/load 0, 8, 0;
    %assign/v0 v0x25b4ed0_0, 0, 2;
    %jmp T_0.3;
T_0.0 ;
    %load/v 8, v0x25b4d20_0, 8;
    %load/v 16, v0x25b4df0_0, 8;
    %add 8, 16, 8;
    %ix/load 0, 8, 0;
    %assign/v0 v0x25b4ed0_0, 0, 8;
    %jmp T_0.3;
T_0.1 ;
    %load/v 8, v0x25b4d20_0, 8;
    %load/v 16, v0x25b4df0_0, 8;
    %sub 8, 16, 8;
    %ix/load 0, 8, 0;
    %assign/v0 v0x25b4ed0_0, 0, 8;
    %jmp T_0.3;
T_0.3 ;
    %jmp T_0;
    .thread T_0;
    .scope S_0x25b50a0;
T_1 ;
    %wait E_0x2591e00;
    %load/v 8, v0x25b5910_0, 1;
    %jmp/0xz  T_1.0, 8;
    %load/v 8, v0x25b5680_0, 8;
    %load/v 16, v0x25b5490_0, 5;
    %pad 21, 0, 2;
    %ix/get 3, 16, 7;
    %jmp/1 t_0, 4;
    %ix/load 1, 0, 0; part off
    %ix/load 0, 8, 0; word width
    %assign/av v0x25b5800, 0, 8;
t_0 ;
    %ix/load 0, 8, 0;
    %assign/v0 v0x25b5720_0, 8000, 0;
    %jmp T_1.1;
T_1.0 ;
    %load/v 16, v0x25b5490_0, 5;
    %pad 21, 0, 2;
    %ix/get 3, 16, 7;
    %load/av 8, v0x25b5800, 8;
    %ix/load 0, 8, 0;
    %assign/v0 v0x25b5720_0, 0, 8;
T_1.1 ;
    %jmp T_1;
    .thread T_1;
    .scope S_0x257bdf0;
T_2 ;
    %set/v v0x25b4510_0, 0, 4;
    %end;
    .thread T_2;
    .scope S_0x257bdf0;
T_3 ;
    %wait E_0x2591e00;
    %load/v 8, v0x25b3b20_0, 20;
    %set/v v0x25b3c00_0, 8, 20;
    %load/v 8, v0x25b4510_0, 4;
    %cmpi/u 8, 0, 4;
    %jmp/1 T_3.0, 6;
    %cmpi/u 8, 1, 4;
    %jmp/1 T_3.1, 6;
    %cmpi/u 8, 2, 4;
    %jmp/1 T_3.2, 6;
    %cmpi/u 8, 4, 4;
    %jmp/1 T_3.3, 6;
    %cmpi/u 8, 8, 4;
    %jmp/1 T_3.4, 6;
    %set/v v0x25b4510_0, 0, 4;
    %jmp T_3.6;
T_3.0 ;
    %ix/load 1, 18, 0;
    %mov 4, 0, 1;
    %jmp/1 T_3.7, 4;
    %load/x1p 8, v0x25b3c00_0, 2;
    %jmp T_3.8;
T_3.7 ;
    %mov 8, 2, 2;
T_3.8 ;
; Save base=8 wid=2 in lookaside.
    %cmpi/u 8, 0, 2;
    %jmp/0xz  T_3.9, 4;
    %set/v v0x25b4510_0, 0, 4;
    %jmp T_3.10;
T_3.9 ;
    %movi 8, 1, 4;
    %set/v v0x25b4510_0, 8, 4;
T_3.10 ;
    %ix/load 3, 0, 0; address
    %ix/load 1, 0, 0; part off
    %ix/load 0, 8, 0; word width
    %assign/av v0x25b40a0, 0, 0;
t_1 ;
    %movi 8, 1, 8;
    %ix/load 3, 1, 0; address
    %ix/load 1, 0, 0; part off
    %ix/load 0, 8, 0; word width
    %assign/av v0x25b40a0, 0, 8;
t_2 ;
    %movi 8, 2, 8;
    %ix/load 3, 2, 0; address
    %ix/load 1, 0, 0; part off
    %ix/load 0, 8, 0; word width
    %assign/av v0x25b40a0, 0, 8;
t_3 ;
    %movi 8, 3, 8;
    %ix/load 3, 3, 0; address
    %ix/load 1, 0, 0; part off
    %ix/load 0, 8, 0; word width
    %assign/av v0x25b40a0, 0, 8;
t_4 ;
    %ix/load 0, 8, 0;
    %assign/v0 v0x25b3f00_0, 8000, 0;
    %ix/load 0, 8, 0;
    %assign/v0 v0x25b3fe0_0, 8000, 0;
    %ix/load 0, 8, 0;
    %assign/v0 v0x25b3cf0_0, 8000, 0;
    %ix/load 0, 4, 0;
    %assign/v0 v0x25b3dd0_0, 0, 1;
    %ix/load 0, 1, 0;
    %assign/v0 v0x25b4390_0, 0, 0;
    %ix/load 0, 1, 0;
    %assign/v0 v0x25b4450_0, 0, 0;
    %ix/load 0, 1, 0;
    %assign/v0 v0x25b45f0_0, 0, 0;
    %jmp T_3.6;
T_3.1 ;
    %movi 8, 2, 4;
    %set/v v0x25b4510_0, 8, 4;
    %ix/load 1, 18, 0;
    %mov 4, 0, 1;
    %jmp/1 T_3.11, 4;
    %load/x1p 8, v0x25b3c00_0, 2;
    %jmp T_3.12;
T_3.11 ;
    %mov 8, 2, 2;
T_3.12 ;
; Save base=8 wid=2 in lookaside.
    %cmpi/u 8, 1, 2;
    %jmp/0xz  T_3.13, 4;
    %ix/load 1, 14, 0;
    %mov 4, 0, 1;
    %jmp/1 T_3.15, 4;
    %load/x1p 20, v0x25b3c00_0, 2;
    %jmp T_3.16;
T_3.15 ;
    %mov 20, 2, 2;
T_3.16 ;
    %mov 16, 20, 2; Move signal select into place
    %pad 18, 0, 2;
    %ix/get 3, 16, 4;
    %load/av 8, v0x25b40a0, 8;
    %ix/load 0, 8, 0;
    %assign/v0 v0x25b3f00_0, 0, 8;
    %ix/load 1, 12, 0;
    %mov 4, 0, 1;
    %jmp/1 T_3.17, 4;
    %load/x1p 20, v0x25b3c00_0, 2;
    %jmp T_3.18;
T_3.17 ;
    %mov 20, 2, 2;
T_3.18 ;
    %mov 16, 20, 2; Move signal select into place
    %pad 18, 0, 2;
    %ix/get 3, 16, 4;
    %load/av 8, v0x25b40a0, 8;
    %ix/load 0, 8, 0;
    %assign/v0 v0x25b3fe0_0, 0, 8;
    %ix/load 1, 4, 0;
    %mov 4, 0, 1;
    %jmp/1 T_3.19, 4;
    %load/x1p 8, v0x25b3c00_0, 8;
    %jmp T_3.20;
T_3.19 ;
    %mov 8, 2, 8;
T_3.20 ;
; Save base=8 wid=8 in lookaside.
    %ix/load 0, 8, 0;
    %assign/v0 v0x25b3cf0_0, 0, 8;
    %load/v 8, v0x25b3c00_0, 4; Only need 4 of 20 bits
; Save base=8 wid=4 in lookaside.
    %ix/load 0, 4, 0;
    %assign/v0 v0x25b3dd0_0, 0, 8;
    %ix/load 0, 1, 0;
    %assign/v0 v0x25b4390_0, 0, 1;
    %ix/load 0, 1, 0;
    %assign/v0 v0x25b4450_0, 0, 0;
    %ix/load 0, 1, 0;
    %assign/v0 v0x25b45f0_0, 0, 0;
    %jmp T_3.14;
T_3.13 ;
    %ix/load 1, 18, 0;
    %mov 4, 0, 1;
    %jmp/1 T_3.21, 4;
    %load/x1p 8, v0x25b3c00_0, 2;
    %jmp T_3.22;
T_3.21 ;
    %mov 8, 2, 2;
T_3.22 ;
; Save base=8 wid=2 in lookaside.
    %cmpi/u 8, 2, 2;
    %jmp/0xz  T_3.23, 4;
    %ix/load 1, 14, 0;
    %mov 4, 0, 1;
    %jmp/1 T_3.25, 4;
    %load/x1p 20, v0x25b3c00_0, 2;
    %jmp T_3.26;
T_3.25 ;
    %mov 20, 2, 2;
T_3.26 ;
    %mov 16, 20, 2; Move signal select into place
    %pad 18, 0, 2;
    %ix/get 3, 16, 4;
    %load/av 8, v0x25b40a0, 8;
    %ix/load 0, 8, 0;
    %assign/v0 v0x25b3f00_0, 0, 8;
    %ix/load 1, 16, 0;
    %mov 4, 0, 1;
    %jmp/1 T_3.27, 4;
    %load/x1p 20, v0x25b3c00_0, 2;
    %jmp T_3.28;
T_3.27 ;
    %mov 20, 2, 2;
T_3.28 ;
    %mov 16, 20, 2; Move signal select into place
    %pad 18, 0, 2;
    %ix/get 3, 16, 4;
    %load/av 8, v0x25b40a0, 8;
    %ix/load 0, 8, 0;
    %assign/v0 v0x25b3fe0_0, 0, 8;
    %ix/load 1, 4, 0;
    %mov 4, 0, 1;
    %jmp/1 T_3.29, 4;
    %load/x1p 8, v0x25b3c00_0, 8;
    %jmp T_3.30;
T_3.29 ;
    %mov 8, 2, 8;
T_3.30 ;
; Save base=8 wid=8 in lookaside.
    %ix/load 0, 8, 0;
    %assign/v0 v0x25b3cf0_0, 0, 8;
    %load/v 8, v0x25b3c00_0, 4; Only need 4 of 20 bits
; Save base=8 wid=4 in lookaside.
    %ix/load 0, 4, 0;
    %assign/v0 v0x25b3dd0_0, 0, 8;
    %ix/load 0, 1, 0;
    %assign/v0 v0x25b4390_0, 0, 0;
    %ix/load 0, 1, 0;
    %assign/v0 v0x25b4450_0, 0, 1;
    %ix/load 0, 1, 0;
    %assign/v0 v0x25b45f0_0, 0, 0;
    %jmp T_3.24;
T_3.23 ;
    %ix/load 1, 18, 0;
    %mov 4, 0, 1;
    %jmp/1 T_3.31, 4;
    %load/x1p 8, v0x25b3c00_0, 2;
    %jmp T_3.32;
T_3.31 ;
    %mov 8, 2, 2;
T_3.32 ;
; Save base=8 wid=2 in lookaside.
    %cmpi/u 8, 3, 2;
    %jmp/0xz  T_3.33, 4;
    %ix/load 1, 14, 0;
    %mov 4, 0, 1;
    %jmp/1 T_3.35, 4;
    %load/x1p 20, v0x25b3c00_0, 2;
    %jmp T_3.36;
T_3.35 ;
    %mov 20, 2, 2;
T_3.36 ;
    %mov 16, 20, 2; Move signal select into place
    %pad 18, 0, 2;
    %ix/get 3, 16, 4;
    %load/av 8, v0x25b40a0, 8;
    %ix/load 0, 8, 0;
    %assign/v0 v0x25b3f00_0, 0, 8;
    %ix/load 1, 16, 0;
    %mov 4, 0, 1;
    %jmp/1 T_3.37, 4;
    %load/x1p 20, v0x25b3c00_0, 2;
    %jmp T_3.38;
T_3.37 ;
    %mov 20, 2, 2;
T_3.38 ;
    %mov 16, 20, 2; Move signal select into place
    %pad 18, 0, 2;
    %ix/get 3, 16, 4;
    %load/av 8, v0x25b40a0, 8;
    %ix/load 0, 8, 0;
    %assign/v0 v0x25b3fe0_0, 0, 8;
    %ix/load 1, 4, 0;
    %mov 4, 0, 1;
    %jmp/1 T_3.39, 4;
    %load/x1p 8, v0x25b3c00_0, 8;
    %jmp T_3.40;
T_3.39 ;
    %mov 8, 2, 8;
T_3.40 ;
; Save base=8 wid=8 in lookaside.
    %ix/load 0, 8, 0;
    %assign/v0 v0x25b3cf0_0, 0, 8;
    %load/v 8, v0x25b3c00_0, 4; Only need 4 of 20 bits
; Save base=8 wid=4 in lookaside.
    %ix/load 0, 4, 0;
    %assign/v0 v0x25b3dd0_0, 0, 8;
    %ix/load 0, 1, 0;
    %assign/v0 v0x25b4390_0, 0, 1;
    %ix/load 0, 1, 0;
    %assign/v0 v0x25b4450_0, 0, 1;
    %ix/load 0, 1, 0;
    %assign/v0 v0x25b45f0_0, 0, 1;
T_3.33 ;
T_3.24 ;
T_3.14 ;
    %jmp T_3.6;
T_3.2 ;
    %movi 8, 4, 4;
    %set/v v0x25b4510_0, 8, 4;
    %ix/load 1, 18, 0;
    %mov 4, 0, 1;
    %jmp/1 T_3.41, 4;
    %load/x1p 8, v0x25b3c00_0, 2;
    %jmp T_3.42;
T_3.41 ;
    %mov 8, 2, 2;
T_3.42 ;
; Save base=8 wid=2 in lookaside.
    %cmpi/u 8, 1, 2;
    %jmp/0xz  T_3.43, 4;
    %movi 8, 8, 4;
    %set/v v0x25b4510_0, 8, 4;
    %ix/load 1, 14, 0;
    %mov 4, 0, 1;
    %jmp/1 T_3.45, 4;
    %load/x1p 20, v0x25b3c00_0, 2;
    %jmp T_3.46;
T_3.45 ;
    %mov 20, 2, 2;
T_3.46 ;
    %mov 16, 20, 2; Move signal select into place
    %pad 18, 0, 2;
    %ix/get 3, 16, 4;
    %load/av 8, v0x25b40a0, 8;
    %ix/load 0, 8, 0;
    %assign/v0 v0x25b3f00_0, 0, 8;
    %ix/load 1, 12, 0;
    %mov 4, 0, 1;
    %jmp/1 T_3.47, 4;
    %load/x1p 20, v0x25b3c00_0, 2;
    %jmp T_3.48;
T_3.47 ;
    %mov 20, 2, 2;
T_3.48 ;
    %mov 16, 20, 2; Move signal select into place
    %pad 18, 0, 2;
    %ix/get 3, 16, 4;
    %load/av 8, v0x25b40a0, 8;
    %ix/load 0, 8, 0;
    %assign/v0 v0x25b3fe0_0, 0, 8;
    %ix/load 1, 4, 0;
    %mov 4, 0, 1;
    %jmp/1 T_3.49, 4;
    %load/x1p 8, v0x25b3c00_0, 8;
    %jmp T_3.50;
T_3.49 ;
    %mov 8, 2, 8;
T_3.50 ;
; Save base=8 wid=8 in lookaside.
    %ix/load 0, 8, 0;
    %assign/v0 v0x25b3cf0_0, 0, 8;
    %load/v 8, v0x25b3c00_0, 4; Only need 4 of 20 bits
; Save base=8 wid=4 in lookaside.
    %ix/load 0, 4, 0;
    %assign/v0 v0x25b3dd0_0, 0, 8;
    %ix/load 0, 1, 0;
    %assign/v0 v0x25b4390_0, 0, 1;
    %ix/load 0, 1, 0;
    %assign/v0 v0x25b4450_0, 0, 0;
    %ix/load 0, 1, 0;
    %assign/v0 v0x25b45f0_0, 0, 0;
    %jmp T_3.44;
T_3.43 ;
    %ix/load 1, 18, 0;
    %mov 4, 0, 1;
    %jmp/1 T_3.51, 4;
    %load/x1p 8, v0x25b3c00_0, 2;
    %jmp T_3.52;
T_3.51 ;
    %mov 8, 2, 2;
T_3.52 ;
; Save base=8 wid=2 in lookaside.
    %cmpi/u 8, 2, 2;
    %jmp/0xz  T_3.53, 4;
    %ix/load 1, 14, 0;
    %mov 4, 0, 1;
    %jmp/1 T_3.55, 4;
    %load/x1p 20, v0x25b3c00_0, 2;
    %jmp T_3.56;
T_3.55 ;
    %mov 20, 2, 2;
T_3.56 ;
    %mov 16, 20, 2; Move signal select into place
    %pad 18, 0, 2;
    %ix/get 3, 16, 4;
    %load/av 8, v0x25b40a0, 8;
    %ix/load 0, 8, 0;
    %assign/v0 v0x25b3f00_0, 0, 8;
    %ix/load 1, 16, 0;
    %mov 4, 0, 1;
    %jmp/1 T_3.57, 4;
    %load/x1p 20, v0x25b3c00_0, 2;
    %jmp T_3.58;
T_3.57 ;
    %mov 20, 2, 2;
T_3.58 ;
    %mov 16, 20, 2; Move signal select into place
    %pad 18, 0, 2;
    %ix/get 3, 16, 4;
    %load/av 8, v0x25b40a0, 8;
    %ix/load 0, 8, 0;
    %assign/v0 v0x25b3fe0_0, 0, 8;
    %ix/load 1, 4, 0;
    %mov 4, 0, 1;
    %jmp/1 T_3.59, 4;
    %load/x1p 8, v0x25b3c00_0, 8;
    %jmp T_3.60;
T_3.59 ;
    %mov 8, 2, 8;
T_3.60 ;
; Save base=8 wid=8 in lookaside.
    %ix/load 0, 8, 0;
    %assign/v0 v0x25b3cf0_0, 0, 8;
    %load/v 8, v0x25b3c00_0, 4; Only need 4 of 20 bits
; Save base=8 wid=4 in lookaside.
    %ix/load 0, 4, 0;
    %assign/v0 v0x25b3dd0_0, 0, 8;
    %ix/load 0, 1, 0;
    %assign/v0 v0x25b4390_0, 0, 0;
    %ix/load 0, 1, 0;
    %assign/v0 v0x25b4450_0, 0, 1;
    %ix/load 0, 1, 0;
    %assign/v0 v0x25b45f0_0, 0, 0;
    %jmp T_3.54;
T_3.53 ;
    %ix/load 1, 18, 0;
    %mov 4, 0, 1;
    %jmp/1 T_3.61, 4;
    %load/x1p 8, v0x25b3c00_0, 2;
    %jmp T_3.62;
T_3.61 ;
    %mov 8, 2, 2;
T_3.62 ;
; Save base=8 wid=2 in lookaside.
    %cmpi/u 8, 3, 2;
    %jmp/0xz  T_3.63, 4;
    %ix/load 1, 14, 0;
    %mov 4, 0, 1;
    %jmp/1 T_3.65, 4;
    %load/x1p 20, v0x25b3c00_0, 2;
    %jmp T_3.66;
T_3.65 ;
    %mov 20, 2, 2;
T_3.66 ;
    %mov 16, 20, 2; Move signal select into place
    %pad 18, 0, 2;
    %ix/get 3, 16, 4;
    %load/av 8, v0x25b40a0, 8;
    %ix/load 0, 8, 0;
    %assign/v0 v0x25b3f00_0, 0, 8;
    %ix/load 1, 16, 0;
    %mov 4, 0, 1;
    %jmp/1 T_3.67, 4;
    %load/x1p 20, v0x25b3c00_0, 2;
    %jmp T_3.68;
T_3.67 ;
    %mov 20, 2, 2;
T_3.68 ;
    %mov 16, 20, 2; Move signal select into place
    %pad 18, 0, 2;
    %ix/get 3, 16, 4;
    %load/av 8, v0x25b40a0, 8;
    %ix/load 0, 8, 0;
    %assign/v0 v0x25b3fe0_0, 0, 8;
    %ix/load 1, 4, 0;
    %mov 4, 0, 1;
    %jmp/1 T_3.69, 4;
    %load/x1p 8, v0x25b3c00_0, 8;
    %jmp T_3.70;
T_3.69 ;
    %mov 8, 2, 8;
T_3.70 ;
; Save base=8 wid=8 in lookaside.
    %ix/load 0, 8, 0;
    %assign/v0 v0x25b3cf0_0, 0, 8;
    %load/v 8, v0x25b3c00_0, 4; Only need 4 of 20 bits
; Save base=8 wid=4 in lookaside.
    %ix/load 0, 4, 0;
    %assign/v0 v0x25b3dd0_0, 0, 8;
    %ix/load 0, 1, 0;
    %assign/v0 v0x25b4390_0, 0, 1;
    %ix/load 0, 1, 0;
    %assign/v0 v0x25b4450_0, 0, 1;
    %ix/load 0, 1, 0;
    %assign/v0 v0x25b45f0_0, 0, 1;
T_3.63 ;
T_3.54 ;
T_3.44 ;
    %jmp T_3.6;
T_3.3 ;
    %movi 8, 8, 4;
    %set/v v0x25b4510_0, 8, 4;
    %ix/load 1, 18, 0;
    %mov 4, 0, 1;
    %jmp/1 T_3.71, 4;
    %load/x1p 8, v0x25b3c00_0, 2;
    %jmp T_3.72;
T_3.71 ;
    %mov 8, 2, 2;
T_3.72 ;
; Save base=8 wid=2 in lookaside.
    %cmpi/u 8, 2, 2;
    %jmp/0xz  T_3.73, 4;
    %ix/load 1, 14, 0;
    %mov 4, 0, 1;
    %jmp/1 T_3.75, 4;
    %load/x1p 20, v0x25b3c00_0, 2;
    %jmp T_3.76;
T_3.75 ;
    %mov 20, 2, 2;
T_3.76 ;
    %mov 16, 20, 2; Move signal select into place
    %pad 18, 0, 2;
    %ix/get 3, 16, 4;
    %load/av 8, v0x25b40a0, 8;
    %ix/load 0, 8, 0;
    %assign/v0 v0x25b3f00_0, 0, 8;
    %ix/load 1, 16, 0;
    %mov 4, 0, 1;
    %jmp/1 T_3.77, 4;
    %load/x1p 20, v0x25b3c00_0, 2;
    %jmp T_3.78;
T_3.77 ;
    %mov 20, 2, 2;
T_3.78 ;
    %mov 16, 20, 2; Move signal select into place
    %pad 18, 0, 2;
    %ix/get 3, 16, 4;
    %load/av 8, v0x25b40a0, 8;
    %ix/load 0, 8, 0;
    %assign/v0 v0x25b3fe0_0, 0, 8;
    %ix/load 1, 4, 0;
    %mov 4, 0, 1;
    %jmp/1 T_3.79, 4;
    %load/x1p 8, v0x25b3c00_0, 8;
    %jmp T_3.80;
T_3.79 ;
    %mov 8, 2, 8;
T_3.80 ;
; Save base=8 wid=8 in lookaside.
    %ix/load 0, 8, 0;
    %assign/v0 v0x25b3cf0_0, 0, 8;
    %load/v 8, v0x25b3c00_0, 4; Only need 4 of 20 bits
; Save base=8 wid=4 in lookaside.
    %ix/load 0, 4, 0;
    %assign/v0 v0x25b3dd0_0, 0, 8;
    %ix/load 0, 1, 0;
    %assign/v0 v0x25b4390_0, 0, 0;
    %ix/load 0, 1, 0;
    %assign/v0 v0x25b4450_0, 0, 1;
    %ix/load 0, 1, 0;
    %assign/v0 v0x25b45f0_0, 0, 0;
    %jmp T_3.74;
T_3.73 ;
    %ix/load 1, 18, 0;
    %mov 4, 0, 1;
    %jmp/1 T_3.81, 4;
    %load/x1p 8, v0x25b3c00_0, 2;
    %jmp T_3.82;
T_3.81 ;
    %mov 8, 2, 2;
T_3.82 ;
; Save base=8 wid=2 in lookaside.
    %cmpi/u 8, 3, 2;
    %jmp/0xz  T_3.83, 4;
    %ix/load 1, 14, 0;
    %mov 4, 0, 1;
    %jmp/1 T_3.85, 4;
    %load/x1p 20, v0x25b3c00_0, 2;
    %jmp T_3.86;
T_3.85 ;
    %mov 20, 2, 2;
T_3.86 ;
    %mov 16, 20, 2; Move signal select into place
    %pad 18, 0, 2;
    %ix/get 3, 16, 4;
    %load/av 8, v0x25b40a0, 8;
    %ix/load 0, 8, 0;
    %assign/v0 v0x25b3f00_0, 0, 8;
    %ix/load 1, 16, 0;
    %mov 4, 0, 1;
    %jmp/1 T_3.87, 4;
    %load/x1p 20, v0x25b3c00_0, 2;
    %jmp T_3.88;
T_3.87 ;
    %mov 20, 2, 2;
T_3.88 ;
    %mov 16, 20, 2; Move signal select into place
    %pad 18, 0, 2;
    %ix/get 3, 16, 4;
    %load/av 8, v0x25b40a0, 8;
    %ix/load 0, 8, 0;
    %assign/v0 v0x25b3fe0_0, 0, 8;
    %ix/load 1, 4, 0;
    %mov 4, 0, 1;
    %jmp/1 T_3.89, 4;
    %load/x1p 8, v0x25b3c00_0, 8;
    %jmp T_3.90;
T_3.89 ;
    %mov 8, 2, 8;
T_3.90 ;
; Save base=8 wid=8 in lookaside.
    %ix/load 0, 8, 0;
    %assign/v0 v0x25b3cf0_0, 0, 8;
    %load/v 8, v0x25b3c00_0, 4; Only need 4 of 20 bits
; Save base=8 wid=4 in lookaside.
    %ix/load 0, 4, 0;
    %assign/v0 v0x25b3dd0_0, 0, 8;
    %ix/load 0, 1, 0;
    %assign/v0 v0x25b4390_0, 0, 1;
    %ix/load 0, 1, 0;
    %assign/v0 v0x25b4450_0, 0, 1;
    %ix/load 0, 1, 0;
    %assign/v0 v0x25b45f0_0, 0, 1;
    %movi 8, 1, 4;
    %set/v v0x25b4510_0, 8, 4;
T_3.83 ;
T_3.74 ;
    %jmp T_3.6;
T_3.4 ;
    %movi 8, 1, 4;
    %set/v v0x25b4510_0, 8, 4;
    %ix/load 1, 18, 0;
    %mov 4, 0, 1;
    %jmp/1 T_3.91, 4;
    %load/x1p 8, v0x25b3c00_0, 2;
    %jmp T_3.92;
T_3.91 ;
    %mov 8, 2, 2;
T_3.92 ;
; Save base=8 wid=2 in lookaside.
    %cmpi/u 8, 1, 2;
    %jmp/0xz  T_3.93, 4;
    %load/v 8, v0x25b4160_0, 8;
    %ix/load 1, 16, 0;
    %mov 4, 0, 1;
    %jmp/1 T_3.95, 4;
    %load/x1p 20, v0x25b3c00_0, 2;
    %jmp T_3.96;
T_3.95 ;
    %mov 20, 2, 2;
T_3.96 ;
    %mov 16, 20, 2; Move signal select into place
    %pad 18, 0, 2;
    %ix/get 3, 16, 4;
    %jmp/1 t_5, 4;
    %ix/load 1, 0, 0; part off
    %ix/load 0, 8, 0; word width
    %assign/av v0x25b40a0, 0, 8;
t_5 ;
    %ix/load 1, 14, 0;
    %mov 4, 0, 1;
    %jmp/1 T_3.97, 4;
    %load/x1p 20, v0x25b3c00_0, 2;
    %jmp T_3.98;
T_3.97 ;
    %mov 20, 2, 2;
T_3.98 ;
    %mov 16, 20, 2; Move signal select into place
    %pad 18, 0, 2;
    %ix/get 3, 16, 4;
    %load/av 8, v0x25b40a0, 8;
    %ix/load 0, 8, 0;
    %assign/v0 v0x25b3f00_0, 0, 8;
    %ix/load 1, 12, 0;
    %mov 4, 0, 1;
    %jmp/1 T_3.99, 4;
    %load/x1p 20, v0x25b3c00_0, 2;
    %jmp T_3.100;
T_3.99 ;
    %mov 20, 2, 2;
T_3.100 ;
    %mov 16, 20, 2; Move signal select into place
    %pad 18, 0, 2;
    %ix/get 3, 16, 4;
    %load/av 8, v0x25b40a0, 8;
    %ix/load 0, 8, 0;
    %assign/v0 v0x25b3fe0_0, 0, 8;
    %ix/load 1, 4, 0;
    %mov 4, 0, 1;
    %jmp/1 T_3.101, 4;
    %load/x1p 8, v0x25b3c00_0, 8;
    %jmp T_3.102;
T_3.101 ;
    %mov 8, 2, 8;
T_3.102 ;
; Save base=8 wid=8 in lookaside.
    %ix/load 0, 8, 0;
    %assign/v0 v0x25b3cf0_0, 0, 8;
    %load/v 8, v0x25b3c00_0, 4; Only need 4 of 20 bits
; Save base=8 wid=4 in lookaside.
    %ix/load 0, 4, 0;
    %assign/v0 v0x25b3dd0_0, 0, 8;
    %ix/load 0, 1, 0;
    %assign/v0 v0x25b4390_0, 0, 1;
    %ix/load 0, 1, 0;
    %assign/v0 v0x25b4450_0, 0, 0;
    %ix/load 0, 1, 0;
    %assign/v0 v0x25b45f0_0, 0, 0;
    %jmp T_3.94;
T_3.93 ;
    %ix/load 1, 18, 0;
    %mov 4, 0, 1;
    %jmp/1 T_3.103, 4;
    %load/x1p 8, v0x25b3c00_0, 2;
    %jmp T_3.104;
T_3.103 ;
    %mov 8, 2, 2;
T_3.104 ;
; Save base=8 wid=2 in lookaside.
    %cmpi/u 8, 3, 2;
    %jmp/0xz  T_3.105, 4;
    %ix/load 1, 14, 0;
    %mov 4, 0, 1;
    %jmp/1 T_3.107, 4;
    %load/x1p 20, v0x25b3c00_0, 2;
    %jmp T_3.108;
T_3.107 ;
    %mov 20, 2, 2;
T_3.108 ;
    %mov 16, 20, 2; Move signal select into place
    %pad 18, 0, 2;
    %ix/get 3, 16, 4;
    %load/av 8, v0x25b40a0, 8;
    %ix/load 0, 8, 0;
    %assign/v0 v0x25b3f00_0, 0, 8;
    %ix/load 1, 16, 0;
    %mov 4, 0, 1;
    %jmp/1 T_3.109, 4;
    %load/x1p 20, v0x25b3c00_0, 2;
    %jmp T_3.110;
T_3.109 ;
    %mov 20, 2, 2;
T_3.110 ;
    %mov 16, 20, 2; Move signal select into place
    %pad 18, 0, 2;
    %ix/get 3, 16, 4;
    %load/av 8, v0x25b40a0, 8;
    %ix/load 0, 8, 0;
    %assign/v0 v0x25b3fe0_0, 0, 8;
    %ix/load 1, 4, 0;
    %mov 4, 0, 1;
    %jmp/1 T_3.111, 4;
    %load/x1p 8, v0x25b3c00_0, 8;
    %jmp T_3.112;
T_3.111 ;
    %mov 8, 2, 8;
T_3.112 ;
; Save base=8 wid=8 in lookaside.
    %ix/load 0, 8, 0;
    %assign/v0 v0x25b3cf0_0, 0, 8;
    %load/v 8, v0x25b3c00_0, 4; Only need 4 of 20 bits
; Save base=8 wid=4 in lookaside.
    %ix/load 0, 4, 0;
    %assign/v0 v0x25b3dd0_0, 0, 8;
    %ix/load 0, 1, 0;
    %assign/v0 v0x25b4390_0, 0, 1;
    %ix/load 0, 1, 0;
    %assign/v0 v0x25b4450_0, 0, 1;
    %ix/load 0, 1, 0;
    %assign/v0 v0x25b45f0_0, 0, 1;
    %jmp T_3.106;
T_3.105 ;
    %ix/load 1, 18, 0;
    %mov 4, 0, 1;
    %jmp/1 T_3.113, 4;
    %load/x1p 8, v0x25b3c00_0, 2;
    %jmp T_3.114;
T_3.113 ;
    %mov 8, 2, 2;
T_3.114 ;
; Save base=8 wid=2 in lookaside.
    %cmpi/u 8, 2, 2;
    %jmp/0xz  T_3.115, 4;
    %load/v 8, v0x25b4160_0, 8;
    %ix/load 1, 16, 0;
    %mov 4, 0, 1;
    %jmp/1 T_3.117, 4;
    %load/x1p 20, v0x25b3c00_0, 2;
    %jmp T_3.118;
T_3.117 ;
    %mov 20, 2, 2;
T_3.118 ;
    %mov 16, 20, 2; Move signal select into place
    %pad 18, 0, 2;
    %ix/get 3, 16, 4;
    %jmp/1 t_6, 4;
    %ix/load 1, 0, 0; part off
    %ix/load 0, 8, 0; word width
    %assign/av v0x25b40a0, 0, 8;
t_6 ;
    %ix/load 1, 14, 0;
    %mov 4, 0, 1;
    %jmp/1 T_3.119, 4;
    %load/x1p 20, v0x25b3c00_0, 2;
    %jmp T_3.120;
T_3.119 ;
    %mov 20, 2, 2;
T_3.120 ;
    %mov 16, 20, 2; Move signal select into place
    %pad 18, 0, 2;
    %ix/get 3, 16, 4;
    %load/av 8, v0x25b40a0, 8;
    %ix/load 0, 8, 0;
    %assign/v0 v0x25b3f00_0, 0, 8;
    %ix/load 1, 16, 0;
    %mov 4, 0, 1;
    %jmp/1 T_3.121, 4;
    %load/x1p 20, v0x25b3c00_0, 2;
    %jmp T_3.122;
T_3.121 ;
    %mov 20, 2, 2;
T_3.122 ;
    %mov 16, 20, 2; Move signal select into place
    %pad 18, 0, 2;
    %ix/get 3, 16, 4;
    %load/av 8, v0x25b40a0, 8;
    %ix/load 0, 8, 0;
    %assign/v0 v0x25b3fe0_0, 0, 8;
    %ix/load 1, 4, 0;
    %mov 4, 0, 1;
    %jmp/1 T_3.123, 4;
    %load/x1p 8, v0x25b3c00_0, 8;
    %jmp T_3.124;
T_3.123 ;
    %mov 8, 2, 8;
T_3.124 ;
; Save base=8 wid=8 in lookaside.
    %ix/load 0, 8, 0;
    %assign/v0 v0x25b3cf0_0, 0, 8;
    %load/v 8, v0x25b3c00_0, 4; Only need 4 of 20 bits
; Save base=8 wid=4 in lookaside.
    %ix/load 0, 4, 0;
    %assign/v0 v0x25b3dd0_0, 0, 8;
    %ix/load 0, 1, 0;
    %assign/v0 v0x25b4390_0, 0, 0;
    %ix/load 0, 1, 0;
    %assign/v0 v0x25b4450_0, 0, 1;
    %ix/load 0, 1, 0;
    %assign/v0 v0x25b45f0_0, 0, 0;
T_3.115 ;
T_3.106 ;
T_3.94 ;
    %jmp T_3.6;
T_3.6 ;
    %jmp T_3;
    .thread T_3;
    .scope S_0x25b80f0;
T_4 ;
    %wait E_0x25b84e0;
    %load/v 8, v0x25b89e0_0, 1;
    %jmp/0xz  T_4.0, 8;
    %load/v 8, v0x25b8700_0, 8;
    %load/v 16, v0x25b8540_0, 5;
    %pad 21, 0, 2;
    %ix/get 3, 16, 7;
    %jmp/1 t_7, 4;
    %ix/load 1, 0, 0; part off
    %ix/load 0, 8, 0; word width
    %assign/av v0x25b88d0, 0, 8;
t_7 ;
    %ix/load 0, 8, 0;
    %assign/v0 v0x25b87f0_0, 8000, 0;
    %jmp T_4.1;
T_4.0 ;
    %load/v 16, v0x25b8540_0, 5;
    %pad 21, 0, 2;
    %ix/get 3, 16, 7;
    %load/av 8, v0x25b88d0, 8;
    %ix/load 0, 8, 0;
    %assign/v0 v0x25b87f0_0, 0, 8;
T_4.1 ;
    %jmp T_4;
    .thread T_4;
    .scope S_0x2564920;
T_5 ;
    %vpi_call/w 6 21 "$dumpfile", "dump.vcd" {0 0};
    %vpi_call/w 6 23 "$dumpvars", 2'sb01, S_0x2564920 {0 0};
    %set/v v0x25b8c20_0, 0, 1;
    %set/v v0x25b8ec0_0, 1, 1;
    %fork t_9, S_0x25b7b50;
    %jmp t_8;
    .scope S_0x25b7b50;
t_9 ;
    %movi 8, 10, 32;
    %set/v v0x25b7d20_0, 8, 32;
T_5.0 ;
    %load/v 8, v0x25b7d20_0, 32;
    %ix/get/s 4, 8, 32;
    %ix/load 5, 43, 0;
    %cmp/ws 4, 5;
    %mov 8, 5, 1;
    %jmp/0xz T_5.1, 8;
    %load/v 8, v0x25b7d20_0, 32;
    %set/v v0x25b8cf0_0, 8, 8;
    %ix/load 0, 2, 0;
    %load/vp0/s 8, v0x25b7d20_0, 32;
    %set/v v0x25b8b40_0, 8, 5;
    %vpi_call/w 6 34 "$display", "Write %d to address %d", v0x25b8cf0_0, v0x25b8b40_0 {0 0};
    %movi 8, 2, 3;
T_5.2 %cmp/s 0, 8, 3;
    %jmp/0xz T_5.3, 5;
    %add 8, 1, 3;
    %delay 1000, 0;
    %load/v 11, v0x25b8c20_0, 1;
    %inv 11, 1;
    %set/v v0x25b8c20_0, 11, 1;
    %jmp T_5.2;
T_5.3 ;
    %ix/load 0, 1, 0;
    %load/vp0/s 8, v0x25b7d20_0, 32;
    %cast2 8, 8, 32;
    %set/v v0x25b7d20_0, 8, 32;
    %jmp T_5.0;
T_5.1 ;
    %end;
    .scope S_0x2564920;
t_8 %join;
    %set/v v0x25b8ec0_0, 0, 1;
    %delay 1000, 0;
    %fork t_11, S_0x25b7e20;
    %jmp t_10;
    .scope S_0x25b7e20;
t_11 ;
    %movi 8, 10, 32;
    %set/v v0x25b8010_0, 8, 32;
T_5.4 ;
    %load/v 8, v0x25b8010_0, 32;
    %ix/get/s 4, 8, 32;
    %ix/load 5, 43, 0;
    %cmp/ws 4, 5;
    %mov 8, 5, 1;
    %jmp/0xz T_5.5, 8;
    %load/v 8, v0x25b8010_0, 32;
    %set/v v0x25b8cf0_0, 8, 8;
    %ix/load 0, 2, 0;
    %load/vp0/s 8, v0x25b8010_0, 32;
    %set/v v0x25b8b40_0, 8, 5;
    %vpi_call/w 6 44 "$display", "Read %d from address %d", v0x25b8cf0_0, v0x25b8b40_0 {0 0};
    %movi 8, 2, 3;
T_5.6 %cmp/s 0, 8, 3;
    %jmp/0xz T_5.7, 5;
    %add 8, 1, 3;
    %delay 1000, 0;
    %load/v 11, v0x25b8c20_0, 1;
    %inv 11, 1;
    %set/v v0x25b8c20_0, 11, 1;
    %jmp T_5.6;
T_5.7 ;
    %ix/load 0, 1, 0;
    %load/vp0/s 8, v0x25b8010_0, 32;
    %cast2 8, 8, 32;
    %set/v v0x25b8010_0, 8, 32;
    %jmp T_5.4;
T_5.5 ;
    %end;
    .scope S_0x2564920;
t_10 %join;
    %end;
    .thread T_5;
# The file index is used to find the file name in the following table.
:file_names 7;
    "N/A";
    "<interactive>";
    "design.sv";
    "./CU.v";
    "./alu.v";
    "./RegMem.v";
    "testbench.sv";
